Determining if the pthread_create exist failed with the following output:
Change Dir: /home/bryant/wpi_sample_return_challenge_2015/rockie_workspace_final/build/CMakeFiles/CMakeTmp

Run Build Command:/usr/bin/make "cmTryCompileExec568059479/fast"
/usr/bin/make -f CMakeFiles/cmTryCompileExec568059479.dir/build.make CMakeFiles/cmTryCompileExec568059479.dir/build
make[1]: Entering directory `/home/bryant/wpi_sample_return_challenge_2015/rockie_workspace_final/build/CMakeFiles/CMakeTmp'
/usr/bin/cmake -E cmake_progress_report /home/bryant/wpi_sample_return_challenge_2015/rockie_workspace_final/build/CMakeFiles/CMakeTmp/CMakeFiles 1
Building C object CMakeFiles/cmTryCompileExec568059479.dir/CheckSymbolExists.c.o
/usr/bin/cc    -o CMakeFiles/cmTryCompileExec568059479.dir/CheckSymbolExists.c.o   -c /home/bryant/wpi_sample_return_challenge_2015/rockie_workspace_final/build/CMakeFiles/CMakeTmp/CheckSymbolExists.c
Linking C executable cmTryCompileExec568059479
/usr/bin/cmake -E cmake_link_script CMakeFiles/cmTryCompileExec568059479.dir/link.txt --verbose=1
/usr/bin/cc       CMakeFiles/cmTryCompileExec568059479.dir/CheckSymbolExists.c.o  -o cmTryCompileExec568059479 -rdynamic 
CMakeFiles/cmTryCompileExec568059479.dir/CheckSymbolExists.c.o: In function `main':
CheckSymbolExists.c:(.text+0x16): undefined reference to `pthread_create'
collect2: error: ld returned 1 exit status
make[1]: *** [cmTryCompileExec568059479] Error 1
make[1]: Leaving directory `/home/bryant/wpi_sample_return_challenge_2015/rockie_workspace_final/build/CMakeFiles/CMakeTmp'
make: *** [cmTryCompileExec568059479/fast] Error 2

File /home/bryant/wpi_sample_return_challenge_2015/rockie_workspace_final/build/CMakeFiles/CMakeTmp/CheckSymbolExists.c:
/* */
#include <pthread.h>

int main(int argc, char** argv)
{
  (void)argv;
#ifndef pthread_create
  return ((int*)(&pthread_create))[argc];
#else
  (void)argc;
  return 0;
#endif
}

Determining if the function pthread_create exists in the pthreads failed with the following output:
Change Dir: /home/bryant/wpi_sample_return_challenge_2015/rockie_workspace_final/build/CMakeFiles/CMakeTmp

Run Build Command:/usr/bin/make "cmTryCompileExec3052342698/fast"
/usr/bin/make -f CMakeFiles/cmTryCompileExec3052342698.dir/build.make CMakeFiles/cmTryCompileExec3052342698.dir/build
make[1]: Entering directory `/home/bryant/wpi_sample_return_challenge_2015/rockie_workspace_final/build/CMakeFiles/CMakeTmp'
/usr/bin/cmake -E cmake_progress_report /home/bryant/wpi_sample_return_challenge_2015/rockie_workspace_final/build/CMakeFiles/CMakeTmp/CMakeFiles 1
Building C object CMakeFiles/cmTryCompileExec3052342698.dir/CheckFunctionExists.c.o
/usr/bin/cc   -DCHECK_FUNCTION_EXISTS=pthread_create   -o CMakeFiles/cmTryCompileExec3052342698.dir/CheckFunctionExists.c.o   -c /usr/share/cmake-2.8/Modules/CheckFunctionExists.c
Linking C executable cmTryCompileExec3052342698
/usr/bin/cmake -E cmake_link_script CMakeFiles/cmTryCompileExec3052342698.dir/link.txt --verbose=1
/usr/bin/cc   -DCHECK_FUNCTION_EXISTS=pthread_create    CMakeFiles/cmTryCompileExec3052342698.dir/CheckFunctionExists.c.o  -o cmTryCompileExec3052342698 -rdynamic -lpthreads 
/usr/bin/ld: cannot find -lpthreads
collect2: error: ld returned 1 exit status
make[1]: *** [cmTryCompileExec3052342698] Error 1
make[1]: Leaving directory `/home/bryant/wpi_sample_return_challenge_2015/rockie_workspace_final/build/CMakeFiles/CMakeTmp'
make: *** [cmTryCompileExec3052342698/fast] Error 2


