Determining if the pthread_create exist failed with the following output:
Change Dir: /home/bryant/wpi_sample_return_challenge_2015/test_indigo_workspace/build/CMakeFiles/CMakeTmp

Run Build Command:/usr/bin/make "cmTryCompileExec2136792713/fast"
/usr/bin/make -f CMakeFiles/cmTryCompileExec2136792713.dir/build.make CMakeFiles/cmTryCompileExec2136792713.dir/build
make[1]: Entering directory `/home/bryant/wpi_sample_return_challenge_2015/test_indigo_workspace/build/CMakeFiles/CMakeTmp'
/usr/bin/cmake -E cmake_progress_report /home/bryant/wpi_sample_return_challenge_2015/test_indigo_workspace/build/CMakeFiles/CMakeTmp/CMakeFiles 1
Building C object CMakeFiles/cmTryCompileExec2136792713.dir/CheckSymbolExists.c.o
/usr/bin/cc    -o CMakeFiles/cmTryCompileExec2136792713.dir/CheckSymbolExists.c.o   -c /home/bryant/wpi_sample_return_challenge_2015/test_indigo_workspace/build/CMakeFiles/CMakeTmp/CheckSymbolExists.c
Linking C executable cmTryCompileExec2136792713
/usr/bin/cmake -E cmake_link_script CMakeFiles/cmTryCompileExec2136792713.dir/link.txt --verbose=1
/usr/bin/cc       CMakeFiles/cmTryCompileExec2136792713.dir/CheckSymbolExists.c.o  -o cmTryCompileExec2136792713 -rdynamic 
CMakeFiles/cmTryCompileExec2136792713.dir/CheckSymbolExists.c.o: In function `main':
CheckSymbolExists.c:(.text+0x16): undefined reference to `pthread_create'
collect2: error: ld returned 1 exit status
make[1]: *** [cmTryCompileExec2136792713] Error 1
make[1]: Leaving directory `/home/bryant/wpi_sample_return_challenge_2015/test_indigo_workspace/build/CMakeFiles/CMakeTmp'
make: *** [cmTryCompileExec2136792713/fast] Error 2

File /home/bryant/wpi_sample_return_challenge_2015/test_indigo_workspace/build/CMakeFiles/CMakeTmp/CheckSymbolExists.c:
/* */
#include <pthread.h>

int main(int argc, char** argv)
{
  (void)argv;
#ifndef pthread_create
  return ((int*)(&pthread_create))[argc];
#else
  (void)argc;
  return 0;
#endif
}

Determining if the function pthread_create exists in the pthreads failed with the following output:
Change Dir: /home/bryant/wpi_sample_return_challenge_2015/test_indigo_workspace/build/CMakeFiles/CMakeTmp

Run Build Command:/usr/bin/make "cmTryCompileExec721182885/fast"
/usr/bin/make -f CMakeFiles/cmTryCompileExec721182885.dir/build.make CMakeFiles/cmTryCompileExec721182885.dir/build
make[1]: Entering directory `/home/bryant/wpi_sample_return_challenge_2015/test_indigo_workspace/build/CMakeFiles/CMakeTmp'
/usr/bin/cmake -E cmake_progress_report /home/bryant/wpi_sample_return_challenge_2015/test_indigo_workspace/build/CMakeFiles/CMakeTmp/CMakeFiles 1
Building C object CMakeFiles/cmTryCompileExec721182885.dir/CheckFunctionExists.c.o
/usr/bin/cc   -DCHECK_FUNCTION_EXISTS=pthread_create   -o CMakeFiles/cmTryCompileExec721182885.dir/CheckFunctionExists.c.o   -c /usr/share/cmake-2.8/Modules/CheckFunctionExists.c
Linking C executable cmTryCompileExec721182885
/usr/bin/cmake -E cmake_link_script CMakeFiles/cmTryCompileExec721182885.dir/link.txt --verbose=1
/usr/bin/cc   -DCHECK_FUNCTION_EXISTS=pthread_create    CMakeFiles/cmTryCompileExec721182885.dir/CheckFunctionExists.c.o  -o cmTryCompileExec721182885 -rdynamic -lpthreads 
/usr/bin/ld: cannot find -lpthreads
collect2: error: ld returned 1 exit status
make[1]: *** [cmTryCompileExec721182885] Error 1
make[1]: Leaving directory `/home/bryant/wpi_sample_return_challenge_2015/test_indigo_workspace/build/CMakeFiles/CMakeTmp'
make: *** [cmTryCompileExec721182885/fast] Error 2


